<?xml version="1.0" encoding="UTF-8"?>
<!-- Generated by org.testng.reporters.JUnitXMLReporter -->
<testsuite ignored="7" hostname="Shlomi-Desktop" failures="0" tests="13" name="Business at the area" time="12.96" errors="0" timestamp="2020-06-05T12:30:54 IDT">
  <testcase classname="tests.MainRunner" name="upFooterOpenWebSite" time="3.797"/>
  <testcase classname="tests.MainRunner" name="testBusinssTabIsDefaultSelected" time="0.046"/>
  <testcase classname="tests.MainRunner" name="testBusinssTabIcon" time="0.031"/>
  <testcase classname="tests.MainRunner" name="testBusinssTabTextColor" time="0.015"/>
  <testcase classname="tests.MainRunner" name="testBusinssTabColorWhenUnselected" time="0.078"/>
  <testcase classname="tests.MainRunner" name="testMapsHeaderTextTopRight" time="0.035"/>
  <testcase classname="tests.MainRunner" name="countCardsAtMapPage" time="0.092"/>
  <testcase classname="tests.MainRunner" name="testThatCardsHaveNumbers" time="0.214"/>
  <testcase classname="tests.MainRunner" name="testColorOfTicketNumber" time="0.015"/>
  <testcase classname="tests.MainRunner" name="testColorOfNumberAtTicketThatNotTheSameAsBackground" time="0.014"/>
  <testcase classname="tests.MainRunner" name="testClickOnNumberLeadToBusinessPage" time="1.382"/>
  <testcase classname="tests.MainRunner" name="testThatEachCardHasTitle" time="1.282"/>
  <testcase classname="tests.MainRunner" name="testThatEachCardTitleIsWhite" time="0.092"/>
  <testcase classname="tests.MainRunner" name="upFooterClickOnB144Link" time="0.0">
    <ignored/>
  </testcase> <!-- upFooterClickOnB144Link -->
  <testcase classname="tests.MainRunner" name="upFooterXButton" time="0.0">
    <ignored/>
  </testcase> <!-- upFooterXButton -->
  <testcase classname="tests.MainRunner" name="testLoginPagesforPrivateAndBusiness" time="0.0">
    <ignored/>
  </testcase> <!-- testLoginPagesforPrivateAndBusiness -->
  <testcase classname="tests.MainRunner" name="compareTextColorAtDropDownMenu" time="0.0">
    <ignored/>
  </testcase> <!-- compareTextColorAtDropDownMenu -->
  <testcase classname="tests.MainRunner" name="compareTextAtDropDownMenu" time="0.0">
    <ignored/>
  </testcase> <!-- compareTextAtDropDownMenu -->
  <testcase classname="tests.MainRunner" name="testAccessabilityMenu" time="0.0">
    <ignored/>
  </testcase> <!-- testAccessabilityMenu -->
  <testcase classname="tests.MainRunner" name="upFooterHamburgerButton" time="0.0">
    <ignored/>
  </testcase> <!-- upFooterHamburgerButton -->
</testsuite> <!-- Business at the area -->
