<?xml version="1.0" encoding="UTF-8"?>
<!-- Generated by org.testng.reporters.JUnitXMLReporter -->
<testsuite hostname="Shlomi-Desktop" ignored="0" name="Test" tests="8" failures="0" timestamp="2019-09-27T17:37:18 IDT" time="25.913" errors="0">
  <testcase name="upFooteropenWebSite" time="5.367" classname="tests.MainRunner"/>
  <testcase name="upFooterXButton" time="0.115" classname="tests.MainRunner"/>
  <testcase name="upFooterHamburgerButton" time="0.102" classname="tests.MainRunner"/>
  <testcase name="upFooterClickOnB144Link" time="0.729" classname="tests.MainRunner"/>
  <testcase name="compareTextAtDropDownMenu" time="6.209" classname="tests.MainRunner"/>
  <testcase name="compareTextColorAtDropDownMenu" time="0.124" classname="tests.MainRunner"/>
  <testcase name="testLoginPagesforPrivateAndBusiness" time="5.046" classname="tests.MainRunner"/>
  <testcase name="testAccessabilityMenu" time="2.414" classname="tests.MainRunner"/>
</testsuite> <!-- Test -->
