<?xml version="1.0" encoding="UTF-8"?>
<!-- Generated by org.testng.reporters.JUnitXMLReporter -->
<testsuite ignored="0" hostname="Shlomi-Desktop" failures="1" tests="5" name="Up Footer" time="47.496" errors="0" timestamp="2020-09-23T10:00:47 IDT">
  <testcase classname="tests.MainRunner" name="openWebSite" time="2.965"/>
  <testcase classname="tests.MainRunner" name="moveToNewIn" time="12.413"/>
  <testcase classname="tests.MainRunner" name="changeCurrency" time="4.384"/>
  <testcase classname="tests.MainRunner" name="setFiltersAndSort" time="17.993"/>
  <testcase classname="tests.MainRunner" name="validatePrices" time="2.142">
    <failure type="java.lang.AssertionError" message="items total price is higher than $270 expected [true] but found [false]">
      <![CDATA[java.lang.AssertionError: items total price is higher than $270 expected [true] but found [false]
at pages.NewInPage.validatePrices(NewInPage.java:83)
at tests.MainRunner.validatePrices(MainRunner.java:38)
at java.base/java.util.ArrayList.forEach(ArrayList.java:1540)
... Removed 30 stack frames]]>
    </failure>
  </testcase> <!-- validatePrices -->
</testsuite> <!-- Up Footer -->
