<?xml version="1.0" encoding="UTF-8"?>
<!-- Generated by org.testng.reporters.JUnitXMLReporter -->
<testsuite hostname="Shlomi-Desktop" ignored="0" name="UpFooter" tests="8" failures="1" timestamp="2019-09-28T23:58:43 IDT" time="17.921" errors="0">
  <testcase name="upFooteropenWebSite" time="4.094" classname="tests.MainRunner"/>
  <testcase name="upFooterXButton" time="0.105" classname="tests.MainRunner"/>
  <testcase name="upFooterHamburgerButton" time="0.091" classname="tests.MainRunner"/>
  <testcase name="upFooterClickOnB144Link" time="0.658" classname="tests.MainRunner"/>
  <testcase name="compareTextAtDropDownMenu" time="3.515" classname="tests.MainRunner"/>
  <testcase name="compareTextColorAtDropDownMenu" time="0.112" classname="tests.MainRunner"/>
  <testcase name="testLoginPagesforPrivateAndBusiness" time="3.516" classname="tests.MainRunner"/>
  <testcase name="testAccessabilityMenu" time="0.231" classname="tests.MainRunner">
    <failure type="java.lang.AssertionError" message="The Accessability menu is close instead of open state expected [false] but found [true]">
      <![CDATA[java.lang.AssertionError: The Accessability menu is close instead of open state expected [false] but found [true]
at pages.B144MainPage.testAccessabilityMenu(B144MainPage.java:86)
at tests.MainRunner.testAccessabilityMenu(MainRunner.java:46)
at java.util.ArrayList.forEach(Unknown Source)
... Removed 31 stack frames]]>
    </failure>
  </testcase> <!-- testAccessabilityMenu -->
</testsuite> <!-- UpFooter -->
