<?xml version="1.0" encoding="UTF-8"?>
<!-- Generated by org.testng.reporters.JUnitXMLReporter -->
<testsuite ignored="19" hostname="Shlomi-Desktop" failures="1" tests="4" name="Zip up footer" time="23.145" errors="0" timestamp="2020-08-19T16:47:06 IDT">
  <testcase classname="tests.MainRunner" name="upFooterOpenWebSite" time="1.878"/>
  <testcase classname="tests.MainRunner" name="testHamburgerMenuAtZipPage" time="10.957"/>
  <testcase classname="tests.MainRunner" name="testSearchAtZipPage" time="0.338"/>
  <testcase classname="tests.MainRunner" name="testSearchOfBusiness" time="2.725">
    <failure type="java.lang.AssertionError" message="you didn&amp;apos;t landed at the results page expected [true] but found [false]">
      <![CDATA[java.lang.AssertionError: you didn't landed at the results page expected [true] but found [false]
at pages.ZipMainPage.selectCityToSearchFor(ZipMainPage.java:173)
at tests.MainRunner.testSearchOfBusiness(MainRunner.java:150)
at java.base/java.util.ArrayList.forEach(ArrayList.java:1540)
... Removed 30 stack frames]]>
    </failure>
  </testcase> <!-- testSearchOfBusiness -->
  <testcase classname="tests.MainRunner" name="upFooterXButton" time="0.0">
    <ignored/>
  </testcase> <!-- upFooterXButton -->
  <testcase classname="tests.MainRunner" name="testColorOfNumberAtTicketThatNotTheSameAsBackground" time="0.0">
    <ignored/>
  </testcase> <!-- testColorOfNumberAtTicketThatNotTheSameAsBackground -->
  <testcase classname="tests.MainRunner" name="countCardsAtMapPage" time="0.0">
    <ignored/>
  </testcase> <!-- countCardsAtMapPage -->
  <testcase classname="tests.MainRunner" name="compareTextColorAtDropDownMenu" time="0.0">
    <ignored/>
  </testcase> <!-- compareTextColorAtDropDownMenu -->
  <testcase classname="tests.MainRunner" name="compareTextAtDropDownMenu" time="0.0">
    <ignored/>
  </testcase> <!-- compareTextAtDropDownMenu -->
  <testcase classname="tests.MainRunner" name="testColorOfTicketNumber" time="0.0">
    <ignored/>
  </testcase> <!-- testColorOfTicketNumber -->
  <testcase classname="tests.MainRunner" name="testBusinssTabIcon" time="0.0">
    <ignored/>
  </testcase> <!-- testBusinssTabIcon -->
  <testcase classname="tests.MainRunner" name="testBusinssTabTextColor" time="0.0">
    <ignored/>
  </testcase> <!-- testBusinssTabTextColor -->
  <testcase classname="tests.MainRunner" name="testMapsHeaderTextTopRight" time="0.0">
    <ignored/>
  </testcase> <!-- testMapsHeaderTextTopRight -->
  <testcase classname="tests.MainRunner" name="upFooterHamburgerButton" time="0.0">
    <ignored/>
  </testcase> <!-- upFooterHamburgerButton -->
  <testcase classname="tests.MainRunner" name="testThatCardsHaveNumbers" time="0.0">
    <ignored/>
  </testcase> <!-- testThatCardsHaveNumbers -->
  <testcase classname="tests.MainRunner" name="testThatEachCardTitleIsWhite" time="0.0">
    <ignored/>
  </testcase> <!-- testThatEachCardTitleIsWhite -->
  <testcase classname="tests.MainRunner" name="testBusinssTabIsDefaultSelected" time="0.0">
    <ignored/>
  </testcase> <!-- testBusinssTabIsDefaultSelected -->
  <testcase classname="tests.MainRunner" name="upFooterClickOnB144Link" time="0.0">
    <ignored/>
  </testcase> <!-- upFooterClickOnB144Link -->
  <testcase classname="tests.MainRunner" name="testLoginPagesforPrivateAndBusiness" time="0.0">
    <ignored/>
  </testcase> <!-- testLoginPagesforPrivateAndBusiness -->
  <testcase classname="tests.MainRunner" name="testThatEachCardHasTitle" time="0.0">
    <ignored/>
  </testcase> <!-- testThatEachCardHasTitle -->
  <testcase classname="tests.MainRunner" name="testClickOnNumberLeadToBusinessPage" time="0.0">
    <ignored/>
  </testcase> <!-- testClickOnNumberLeadToBusinessPage -->
  <testcase classname="tests.MainRunner" name="testAccessabilityMenu" time="0.0">
    <ignored/>
  </testcase> <!-- testAccessabilityMenu -->
  <testcase classname="tests.MainRunner" name="testBusinssTabColorWhenUnselected" time="0.0">
    <ignored/>
  </testcase> <!-- testBusinssTabColorWhenUnselected -->
</testsuite> <!-- Zip up footer -->
